[1.680s] Invoking command in '/home/jagan/ros2_ws/src/my_py_pkg': PYTHONPATH=/home/jagan/ros2_ws/src/build/my_py_pkg/prefix_override:/usr/lib/python3/dist-packages/colcon_core/task/python/colcon_distutils_commands:/home/jagan/ros2_ws/src/install/my_py_pkg/lib/python3.10/site-packages:${PYTHONPATH} /usr/bin/python3 -W ignore:setup.py install is deprecated -W ignore:easy_install command is deprecated setup.py egg_info --egg-base ../build/my_py_pkg build --build-base /home/jagan/ros2_ws/src/build/my_py_pkg/build install --record /home/jagan/ros2_ws/src/build/my_py_pkg/install.log --single-version-externally-managed install_data
[1.975s] running egg_info
[1.976s] creating ../build/my_py_pkg/my_py_pkg.egg-info
[1.978s] writing ../build/my_py_pkg/my_py_pkg.egg-info/PKG-INFO
[1.978s] writing dependency_links to ../build/my_py_pkg/my_py_pkg.egg-info/dependency_links.txt
[1.979s] writing entry points to ../build/my_py_pkg/my_py_pkg.egg-info/entry_points.txt
[1.979s] writing requirements to ../build/my_py_pkg/my_py_pkg.egg-info/requires.txt
[1.980s] writing top-level names to ../build/my_py_pkg/my_py_pkg.egg-info/top_level.txt
[1.980s] writing manifest file '../build/my_py_pkg/my_py_pkg.egg-info/SOURCES.txt'
[1.984s] reading manifest file '../build/my_py_pkg/my_py_pkg.egg-info/SOURCES.txt'
[1.985s] writing manifest file '../build/my_py_pkg/my_py_pkg.egg-info/SOURCES.txt'
[1.985s] running build
[1.986s] running build_py
[1.986s] creating /home/jagan/ros2_ws/src/build/my_py_pkg/build
[1.986s] creating /home/jagan/ros2_ws/src/build/my_py_pkg/build/lib
[1.987s] creating /home/jagan/ros2_ws/src/build/my_py_pkg/build/lib/my_py_pkg
[1.988s] copying my_py_pkg/my_first_node.py -> /home/jagan/ros2_ws/src/build/my_py_pkg/build/lib/my_py_pkg
[1.990s] copying my_py_pkg/robot_news_station.py -> /home/jagan/ros2_ws/src/build/my_py_pkg/build/lib/my_py_pkg
[1.990s] copying my_py_pkg/smartphone.py -> /home/jagan/ros2_ws/src/build/my_py_pkg/build/lib/my_py_pkg
[1.993s] copying my_py_pkg/add_two_ints_server.py -> /home/jagan/ros2_ws/src/build/my_py_pkg/build/lib/my_py_pkg
[1.993s] copying my_py_pkg/__init__.py -> /home/jagan/ros2_ws/src/build/my_py_pkg/build/lib/my_py_pkg
[1.994s] running install
[1.995s] running install_lib
[1.995s] creating /home/jagan/ros2_ws/src/install/my_py_pkg/lib/python3.10/site-packages/my_py_pkg
[1.996s] copying /home/jagan/ros2_ws/src/build/my_py_pkg/build/lib/my_py_pkg/my_first_node.py -> /home/jagan/ros2_ws/src/install/my_py_pkg/lib/python3.10/site-packages/my_py_pkg
[1.997s] copying /home/jagan/ros2_ws/src/build/my_py_pkg/build/lib/my_py_pkg/robot_news_station.py -> /home/jagan/ros2_ws/src/install/my_py_pkg/lib/python3.10/site-packages/my_py_pkg
[1.997s] copying /home/jagan/ros2_ws/src/build/my_py_pkg/build/lib/my_py_pkg/smartphone.py -> /home/jagan/ros2_ws/src/install/my_py_pkg/lib/python3.10/site-packages/my_py_pkg
[1.997s] copying /home/jagan/ros2_ws/src/build/my_py_pkg/build/lib/my_py_pkg/add_two_ints_server.py -> /home/jagan/ros2_ws/src/install/my_py_pkg/lib/python3.10/site-packages/my_py_pkg
[1.997s] copying /home/jagan/ros2_ws/src/build/my_py_pkg/build/lib/my_py_pkg/__init__.py -> /home/jagan/ros2_ws/src/install/my_py_pkg/lib/python3.10/site-packages/my_py_pkg
[1.998s] byte-compiling /home/jagan/ros2_ws/src/install/my_py_pkg/lib/python3.10/site-packages/my_py_pkg/my_first_node.py to my_first_node.cpython-310.pyc
[1.999s] byte-compiling /home/jagan/ros2_ws/src/install/my_py_pkg/lib/python3.10/site-packages/my_py_pkg/robot_news_station.py to robot_news_station.cpython-310.pyc
[2.000s] byte-compiling /home/jagan/ros2_ws/src/install/my_py_pkg/lib/python3.10/site-packages/my_py_pkg/smartphone.py to smartphone.cpython-310.pyc
[2.001s] byte-compiling /home/jagan/ros2_ws/src/install/my_py_pkg/lib/python3.10/site-packages/my_py_pkg/add_two_ints_server.py to add_two_ints_server.cpython-310.pyc
[2.001s] byte-compiling /home/jagan/ros2_ws/src/install/my_py_pkg/lib/python3.10/site-packages/my_py_pkg/__init__.py to __init__.cpython-310.pyc
[2.001s] running install_data
[2.001s] creating /home/jagan/ros2_ws/src/install/my_py_pkg/share/ament_index
[2.002s] creating /home/jagan/ros2_ws/src/install/my_py_pkg/share/ament_index/resource_index
[2.003s] creating /home/jagan/ros2_ws/src/install/my_py_pkg/share/ament_index/resource_index/packages
[2.004s] copying resource/my_py_pkg -> /home/jagan/ros2_ws/src/install/my_py_pkg/share/ament_index/resource_index/packages
[2.004s] copying package.xml -> /home/jagan/ros2_ws/src/install/my_py_pkg/share/my_py_pkg
[2.004s] running install_egg_info
[2.007s] Copying ../build/my_py_pkg/my_py_pkg.egg-info to /home/jagan/ros2_ws/src/install/my_py_pkg/lib/python3.10/site-packages/my_py_pkg-0.0.0-py3.10.egg-info
[2.009s] running install_scripts
[2.042s] Installing add_two_ints_server script to /home/jagan/ros2_ws/src/install/my_py_pkg/lib/my_py_pkg
[2.043s] Installing my_first_node script to /home/jagan/ros2_ws/src/install/my_py_pkg/lib/my_py_pkg
[2.044s] Installing robot_news_station script to /home/jagan/ros2_ws/src/install/my_py_pkg/lib/my_py_pkg
[2.044s] Installing smartphone script to /home/jagan/ros2_ws/src/install/my_py_pkg/lib/my_py_pkg
[2.045s] writing list of installed files to '/home/jagan/ros2_ws/src/build/my_py_pkg/install.log'
[2.092s] Invoked command in '/home/jagan/ros2_ws/src/my_py_pkg' returned '0': PYTHONPATH=/home/jagan/ros2_ws/src/build/my_py_pkg/prefix_override:/usr/lib/python3/dist-packages/colcon_core/task/python/colcon_distutils_commands:/home/jagan/ros2_ws/src/install/my_py_pkg/lib/python3.10/site-packages:${PYTHONPATH} /usr/bin/python3 -W ignore:setup.py install is deprecated -W ignore:easy_install command is deprecated setup.py egg_info --egg-base ../build/my_py_pkg build --build-base /home/jagan/ros2_ws/src/build/my_py_pkg/build install --record /home/jagan/ros2_ws/src/build/my_py_pkg/install.log --single-version-externally-managed install_data
