[1.537s] Invoking command in '/home/jagan/ros2_ws/src/build/turtlesim_catch_them_all': PYTHONPATH=/home/jagan/ros2_ws/src/build/turtlesim_catch_them_all/prefix_override:/usr/lib/python3/dist-packages/colcon_core/task/python/colcon_distutils_commands:/home/jagan/ros2_ws/src/install/turtlesim_catch_them_all/lib/python3.10/site-packages:${PYTHONPATH} /usr/bin/python3 -W ignore:setup.py install is deprecated -W ignore:easy_install command is deprecated setup.py develop --editable --build-directory /home/jagan/ros2_ws/src/build/turtlesim_catch_them_all/build --no-deps symlink_data
[1.933s] running develop
[2.114s] running egg_info
[2.114s] creating turtlesim_catch_them_all.egg-info
[2.115s] writing turtlesim_catch_them_all.egg-info/PKG-INFO
[2.116s] writing dependency_links to turtlesim_catch_them_all.egg-info/dependency_links.txt
[2.116s] writing entry points to turtlesim_catch_them_all.egg-info/entry_points.txt
[2.116s] writing requirements to turtlesim_catch_them_all.egg-info/requires.txt
[2.117s] writing top-level names to turtlesim_catch_them_all.egg-info/top_level.txt
[2.117s] writing manifest file 'turtlesim_catch_them_all.egg-info/SOURCES.txt'
[2.120s] reading manifest file 'turtlesim_catch_them_all.egg-info/SOURCES.txt'
[2.121s] writing manifest file 'turtlesim_catch_them_all.egg-info/SOURCES.txt'
[2.173s] running build_ext
[2.173s] Creating /home/jagan/ros2_ws/src/install/turtlesim_catch_them_all/lib/python3.10/site-packages/turtlesim-catch-them-all.egg-link (link to .)
[2.175s] Installing Controller script to /home/jagan/ros2_ws/src/install/turtlesim_catch_them_all/lib/turtlesim_catch_them_all
[2.176s] 
[2.176s] Installed /home/jagan/ros2_ws/src/build/turtlesim_catch_them_all
[2.176s] running symlink_data
[2.176s] creating /home/jagan/ros2_ws/src/install/turtlesim_catch_them_all/share/ament_index
[2.177s] creating /home/jagan/ros2_ws/src/install/turtlesim_catch_them_all/share/ament_index/resource_index
[2.178s] creating /home/jagan/ros2_ws/src/install/turtlesim_catch_them_all/share/ament_index/resource_index/packages
[2.178s] symbolically linking /home/jagan/ros2_ws/src/build/turtlesim_catch_them_all/resource/turtlesim_catch_them_all -> /home/jagan/ros2_ws/src/install/turtlesim_catch_them_all/share/ament_index/resource_index/packages
[2.179s] symbolically linking /home/jagan/ros2_ws/src/build/turtlesim_catch_them_all/package.xml -> /home/jagan/ros2_ws/src/install/turtlesim_catch_them_all/share/turtlesim_catch_them_all
[2.254s] Invoked command in '/home/jagan/ros2_ws/src/build/turtlesim_catch_them_all' returned '0': PYTHONPATH=/home/jagan/ros2_ws/src/build/turtlesim_catch_them_all/prefix_override:/usr/lib/python3/dist-packages/colcon_core/task/python/colcon_distutils_commands:/home/jagan/ros2_ws/src/install/turtlesim_catch_them_all/lib/python3.10/site-packages:${PYTHONPATH} /usr/bin/python3 -W ignore:setup.py install is deprecated -W ignore:easy_install command is deprecated setup.py develop --editable --build-directory /home/jagan/ros2_ws/src/build/turtlesim_catch_them_all/build --no-deps symlink_data
