[1.391s] Invoking command in '/home/jagan/ros2_ws/src/my_py_pkg': PYTHONPATH=/home/jagan/ros2_ws/src/build/my_py_pkg/prefix_override:/usr/lib/python3/dist-packages/colcon_core/task/python/colcon_distutils_commands:/home/jagan/ros2_ws/src/install/my_py_pkg/lib/python3.10/site-packages:${PYTHONPATH} /usr/bin/python3 -W ignore:setup.py install is deprecated -W ignore:easy_install command is deprecated setup.py egg_info --egg-base ../build/my_py_pkg build --build-base /home/jagan/ros2_ws/src/build/my_py_pkg/build install --record /home/jagan/ros2_ws/src/build/my_py_pkg/install.log --single-version-externally-managed install_data
[1.718s] running egg_info
[1.719s] creating ../build/my_py_pkg/my_py_pkg.egg-info
[1.720s] writing ../build/my_py_pkg/my_py_pkg.egg-info/PKG-INFO
[1.721s] writing dependency_links to ../build/my_py_pkg/my_py_pkg.egg-info/dependency_links.txt
[1.721s] writing entry points to ../build/my_py_pkg/my_py_pkg.egg-info/entry_points.txt
[1.721s] writing requirements to ../build/my_py_pkg/my_py_pkg.egg-info/requires.txt
[1.721s] writing top-level names to ../build/my_py_pkg/my_py_pkg.egg-info/top_level.txt
[1.722s] writing manifest file '../build/my_py_pkg/my_py_pkg.egg-info/SOURCES.txt'
[1.724s] reading manifest file '../build/my_py_pkg/my_py_pkg.egg-info/SOURCES.txt'
[1.724s] writing manifest file '../build/my_py_pkg/my_py_pkg.egg-info/SOURCES.txt'
[1.725s] running build
[1.725s] running build_py
[1.725s] creating /home/jagan/ros2_ws/src/build/my_py_pkg/build
[1.727s] creating /home/jagan/ros2_ws/src/build/my_py_pkg/build/lib
[1.728s] creating /home/jagan/ros2_ws/src/build/my_py_pkg/build/lib/my_py_pkg
[1.729s] copying my_py_pkg/my_first_node.py -> /home/jagan/ros2_ws/src/build/my_py_pkg/build/lib/my_py_pkg
[1.730s] copying my_py_pkg/robot_news_station.py -> /home/jagan/ros2_ws/src/build/my_py_pkg/build/lib/my_py_pkg
[1.730s] copying my_py_pkg/__init__.py -> /home/jagan/ros2_ws/src/build/my_py_pkg/build/lib/my_py_pkg
[1.731s] running install
[1.732s] running install_lib
[1.733s] creating /home/jagan/ros2_ws/src/install/my_py_pkg/lib/python3.10/site-packages/my_py_pkg
[1.734s] copying /home/jagan/ros2_ws/src/build/my_py_pkg/build/lib/my_py_pkg/my_first_node.py -> /home/jagan/ros2_ws/src/install/my_py_pkg/lib/python3.10/site-packages/my_py_pkg
[1.734s] copying /home/jagan/ros2_ws/src/build/my_py_pkg/build/lib/my_py_pkg/robot_news_station.py -> /home/jagan/ros2_ws/src/install/my_py_pkg/lib/python3.10/site-packages/my_py_pkg
[1.735s] copying /home/jagan/ros2_ws/src/build/my_py_pkg/build/lib/my_py_pkg/__init__.py -> /home/jagan/ros2_ws/src/install/my_py_pkg/lib/python3.10/site-packages/my_py_pkg
[1.735s] byte-compiling /home/jagan/ros2_ws/src/install/my_py_pkg/lib/python3.10/site-packages/my_py_pkg/my_first_node.py to my_first_node.cpython-310.pyc
[1.737s] byte-compiling /home/jagan/ros2_ws/src/install/my_py_pkg/lib/python3.10/site-packages/my_py_pkg/robot_news_station.py to robot_news_station.cpython-310.pyc
[1.738s] byte-compiling /home/jagan/ros2_ws/src/install/my_py_pkg/lib/python3.10/site-packages/my_py_pkg/__init__.py to __init__.cpython-310.pyc
[1.738s] running install_data
[1.738s] creating /home/jagan/ros2_ws/src/install/my_py_pkg/share/ament_index
[1.739s] creating /home/jagan/ros2_ws/src/install/my_py_pkg/share/ament_index/resource_index
[1.740s] creating /home/jagan/ros2_ws/src/install/my_py_pkg/share/ament_index/resource_index/packages
[1.741s] copying resource/my_py_pkg -> /home/jagan/ros2_ws/src/install/my_py_pkg/share/ament_index/resource_index/packages
[1.741s] copying package.xml -> /home/jagan/ros2_ws/src/install/my_py_pkg/share/my_py_pkg
[1.742s] running install_egg_info
[1.746s] Copying ../build/my_py_pkg/my_py_pkg.egg-info to /home/jagan/ros2_ws/src/install/my_py_pkg/lib/python3.10/site-packages/my_py_pkg-0.0.0-py3.10.egg-info
[1.749s] running install_scripts
[1.780s] Installing my_first_node script to /home/jagan/ros2_ws/src/install/my_py_pkg/lib/my_py_pkg
[1.781s] Installing robot_news_station script to /home/jagan/ros2_ws/src/install/my_py_pkg/lib/my_py_pkg
[1.781s] writing list of installed files to '/home/jagan/ros2_ws/src/build/my_py_pkg/install.log'
[1.834s] Invoked command in '/home/jagan/ros2_ws/src/my_py_pkg' returned '0': PYTHONPATH=/home/jagan/ros2_ws/src/build/my_py_pkg/prefix_override:/usr/lib/python3/dist-packages/colcon_core/task/python/colcon_distutils_commands:/home/jagan/ros2_ws/src/install/my_py_pkg/lib/python3.10/site-packages:${PYTHONPATH} /usr/bin/python3 -W ignore:setup.py install is deprecated -W ignore:easy_install command is deprecated setup.py egg_info --egg-base ../build/my_py_pkg build --build-base /home/jagan/ros2_ws/src/build/my_py_pkg/build install --record /home/jagan/ros2_ws/src/build/my_py_pkg/install.log --single-version-externally-managed install_data
